10 10 1
11 10 2
12 10 1
10 11 2
11 11 1
12 9 2
12 11 1
13 8 2
9 12 1
14 7 2
10 10 1
9 11 2
11 9 1
10 11 2
11 10 1
11 11 2
12 10 1
12 11 2
13 10 1
13 11 2
10 10 1
11 10 2
10 11 1
11 11 2
10 12 1
11 12 2
10 13 1
11 13 2
10 14 1
10 10 1
10 11 2
11 10 1
11 11 2
12 10 1
12 11 2
13 10 1
13 11 2
14 10 1
-----------分割线-----------8 10 1
8 11 2
9 10 1
9 11 2
10 10 1
10 11 2
11 10 1
11 11 2
12 10 1
-----------分割线-----------10 10 1
10000
10 10 2
10 9 2
10 10 1
9 10 2
10000
9 10 1
9 10 1
10000
9 10 2
9 10 2
9 11 1
8 10 2
10000
8 10 1
10000
8 10 1
10000
8 10 1
10000
8 10 1
10000
8 10 1
10000
8 10 1
10 10 1
10 11 2
10000
10 11 1
10000
10 11 1
10 10 1
9 11 2
10000
9 11 1
10000
10 10 1
11 11 1
10 12 2
10 13 1
10000
10 13 2
10000
10 12 2
10000
11 11 2
11 12 2
10000
11 12 1
10 10 1
10 11 2
11 11 1
9 10 2
9 9 1
11 12 2
10000
11 12 1
11 12 1
11 13 2
12 12 1
12 13 2
13 13 1
-----------分割线-----------
10 10 1
10 11 2
11 10 1
11 11 2
10000
11 11 1
12 10 1
10 10 1
10 11 2
11 10 1
10000
11 10 2
10000
10 11 2
10 11 2
10000
10 11 1
10 10 1
10 11 2
11 10 1
10000
11 10 2
11 10 1
10 10 1
10 11 2
11 10 1
11 11 2
12 10 1
12 11 2
13 10 1
13 11 2
14 10 1
-----------分割线-----------
10 10 1
10 11 2
11 10 1
11 11 2
12 10 1
12 11 2
13 10 1
13 11 2
14 10 1
-----------分割线-----------
10 10 1
10 11 2
11 10 1
11 11 2
12 10 1
12 11 2
13 10 1
13 11 2
14 10 1
-----------分割线-----------
8 8 1
8 9 2
9 8 1
9 9 2
10 8 1
10 9 2
11 8 1
11 9 2
12 8 1
-----------分割线-----------
10 10 1
10 11 2
11 10 1
11 11 2
12 10 1
12 11 2
13 10 1
13 11 2
14 10 1
-----------分割线-----------
10 10 1
10 11 2
11 10 1
11 11 2
12 10 1
12 11 2
13 10 1
13 11 2
14 10 1
-----------分割线-----------
10 10 1
10 11 2
11 10 1
11 11 2
12 10 1
12 11 2
13 10 1
13 11 2
14 10 1
-----------分割线-----------
